<?xml version="1.0" encoding="UTF-8"?>
<!-- Generated by org.testng.reporters.JUnitReportReporter -->
<testsuite hostname="DESKTOP-RUMTFNC" failures="0" tests="1" name="New_App_Project.Login_App" time="9.877" errors="0" timestamp="2024-07-04T13:57:38 IST" skipped="0">
  <testcase classname="New_App_Project.Login_App" name="Test_Alerts" time="9.877"/>
  <system-out/>
</testsuite> <!-- New_App_Project.Login_App -->
