<?xml version="1.0" encoding="UTF-8"?>
<!-- Generated by org.testng.reporters.JUnitReportReporter -->
<testsuite hostname="DESKTOP-RUMTFNC" failures="0" tests="1" name="New_App_Project.frames" time="10.437" errors="0" timestamp="2024-07-05T17:45:37 IST" skipped="0">
  <testcase classname="New_App_Project.frames" name="test_Iframes" time="10.437"/>
  <system-out/>
</testsuite> <!-- New_App_Project.frames -->
