<?xml version="1.0" encoding="UTF-8"?>
<!-- Generated by org.testng.reporters.JUnitReportReporter -->
<testsuite hostname="DESKTOP-RUMTFNC" failures="0" tests="1" name="New_App_Project.MouseHoverActions" time="7.680" errors="0" timestamp="2024-07-04T18:06:58 IST" skipped="0">
  <testcase classname="New_App_Project.MouseHoverActions" name="DragAndDrop" time="7.680"/>
  <system-out/>
</testsuite> <!-- New_App_Project.MouseHoverActions -->
